<?xml version="1.0" encoding="UTF-8"?>
<!-- Generated by org.testng.reporters.JUnitReportReporter -->
<testsuite hostname="LTIN234606" failures="0" tests="4" name="TestRunner.testRunner" time="404.069" errors="0" timestamp="2024-03-01T13:32:45 IST" skipped="0">
  <testcase classname="TestRunner.testRunner" name="runScenario" time="66.294"/>
  <system-out/>
  <testcase classname="TestRunner.testRunner" name="runScenario" time="55.373"/>
  <system-out/>
  <testcase classname="TestRunner.testRunner" name="runScenario" time="52.953"/>
  <system-out/>
  <testcase classname="TestRunner.testRunner" name="runScenario" time="229.449"/>
  <system-out/>
</testsuite> <!-- TestRunner.testRunner -->
